<?xml version="1.0" encoding="UTF-8"?>
<testng-results ignored="0" total="1" passed="1" failed="0" skipped="0">
  <reporter-output>
  </reporter-output>
  <suite started-at="2019-11-13T02:48:29Z" name="Default suite" finished-at="2019-11-13T02:48:46Z" duration-ms="17133">
    <groups>
    </groups>
    <test started-at="2019-11-13T02:48:29Z" name="Default test" finished-at="2019-11-13T02:48:46Z" duration-ms="17133">
      <class name="test.LoginTest">
        <test-method signature="loginTest()[pri:0, instance:test.LoginTest@482cd91f]" started-at="2019-11-12T20:48:29Z" name="loginTest" finished-at="2019-11-12T20:48:46Z" duration-ms="17113" status="PASS">
          <reporter-output>
          </reporter-output>
        </test-method> <!-- loginTest -->
      </class> <!-- test.LoginTest -->
    </test> <!-- Default test -->
  </suite> <!-- Default suite -->
</testng-results>
